==9512== Memcheck, a memory error detector
==9512== Copyright (C) 2002-2013, and GNU GPL'd, by Julian Seward et al.
==9512== Using Valgrind-3.9.0 and LibVEX; rerun with -h for copyright info
==9512== Command: iterintvec
==9512== 
99
iterintvec::range_check
99 1234
99 99
 0 0 0 99 0 0 0 0 0 0
 0
 0
 0
 99
 0
 0
 0
 0
 0
 0
==9512== 
==9512== HEAP SUMMARY:
==9512==     in use at exit: 0 bytes in 0 blocks
==9512==   total heap usage: 6 allocs, 6 frees, 321 bytes allocated
==9512== 
==9512== All heap blocks were freed -- no leaks are possible
==9512== 
==9512== For counts of detected and suppressed errors, rerun with: -v
==9512== ERROR SUMMARY: 0 errors from 0 contexts (suppressed: 6 from 6)
