::::::::::::::
malloc-step.c
::::::::::::::
// $Id: malloc-step.c,v 1.5 2015-05-08 14:33:22-07 - - $

#include <stdio.h>
#include <stdlib.h>

int main (void) {
   char* prev = 0;
   for (int i = 0; i < 16; ++i) {
      char* curr = malloc (1);
      printf ("%p %ld 0x%02lX\n", curr, curr - prev, curr - prev);
      prev = curr;
   }
   return 0;
}

//TEST// malloc-step >malloc-step.out 2>&1
//TEST// more malloc-step.c malloc-step.out >malloc-step.lis </dev/null
//TEST// mkpspdf malloc-step.ps malloc-step.lis

::::::::::::::
malloc-step.out
::::::::::::::
0xd3e030 13885488 0xD3E030
0xd3e050 32 0x20
0xd3e070 32 0x20
0xd3e090 32 0x20
0xd3e0b0 32 0x20
0xd3e0d0 32 0x20
0xd3e0f0 32 0x20
0xd3e110 32 0x20
0xd3e130 32 0x20
0xd3e150 32 0x20
0xd3e170 32 0x20
0xd3e190 32 0x20
0xd3e1b0 32 0x20
0xd3e1d0 32 0x20
0xd3e1f0 32 0x20
0xd3e210 32 0x20
