Grammar

    0 $accept: program $end

    1 program: program expr ';'
    2        | program error ';'
    3        | /* empty */

    4 expr: expr '+' term
    5     | expr '-' term
    6     | term

    7 term: term '*' factor
    8     | term '/' factor
    9     | factor

   10 factor: '(' expr ')'
   11       | IDENT


Terminals, with rules where they appear

$end (0) 0
'(' (40) 10
')' (41) 10
'*' (42) 7
'+' (43) 4
'-' (45) 5
'/' (47) 8
';' (59) 1 2
error (256) 2
IDENT (258) 11


Nonterminals, with rules where they appear

$accept (11)
    on left: 0
program (12)
    on left: 1 2 3, on right: 0 1 2
expr (13)
    on left: 4 5 6, on right: 1 4 5 10
term (14)
    on left: 7 8 9, on right: 4 5 6 7 8
factor (15)
    on left: 10 11, on right: 7 8 9


state 0

    0 $accept: . program $end

    $default  reduce using rule 3 (program)

    program  go to state 1


state 1

    0 $accept: program . $end
    1 program: program . expr ';'
    2        | program . error ';'

    $end   shift, and go to state 2
    error  shift, and go to state 3
    IDENT  shift, and go to state 4
    '('    shift, and go to state 5

    expr    go to state 6
    term    go to state 7
    factor  go to state 8


state 2

    0 $accept: program $end .

    $default  accept


state 3

    2 program: program error . ';'

    ';'  shift, and go to state 9


state 4

   11 factor: IDENT .

    $default  reduce using rule 11 (factor)


state 5

   10 factor: '(' . expr ')'

    IDENT  shift, and go to state 4
    '('    shift, and go to state 5

    expr    go to state 10
    term    go to state 7
    factor  go to state 8


state 6

    1 program: program expr . ';'
    4 expr: expr . '+' term
    5     | expr . '-' term

    ';'  shift, and go to state 11
    '+'  shift, and go to state 12
    '-'  shift, and go to state 13


state 7

    6 expr: term .
    7 term: term . '*' factor
    8     | term . '/' factor

    '*'  shift, and go to state 14
    '/'  shift, and go to state 15

    $default  reduce using rule 6 (expr)


state 8

    9 term: factor .

    $default  reduce using rule 9 (term)


state 9

    2 program: program error ';' .

    $default  reduce using rule 2 (program)


state 10

    4 expr: expr . '+' term
    5     | expr . '-' term
   10 factor: '(' expr . ')'

    '+'  shift, and go to state 12
    '-'  shift, and go to state 13
    ')'  shift, and go to state 16


state 11

    1 program: program expr ';' .

    $default  reduce using rule 1 (program)


state 12

    4 expr: expr '+' . term

    IDENT  shift, and go to state 4
    '('    shift, and go to state 5

    term    go to state 17
    factor  go to state 8


state 13

    5 expr: expr '-' . term

    IDENT  shift, and go to state 4
    '('    shift, and go to state 5

    term    go to state 18
    factor  go to state 8


state 14

    7 term: term '*' . factor

    IDENT  shift, and go to state 4
    '('    shift, and go to state 5

    factor  go to state 19


state 15

    8 term: term '/' . factor

    IDENT  shift, and go to state 4
    '('    shift, and go to state 5

    factor  go to state 20


state 16

   10 factor: '(' expr ')' .

    $default  reduce using rule 10 (factor)


state 17

    4 expr: expr '+' term .
    7 term: term . '*' factor
    8     | term . '/' factor

    '*'  shift, and go to state 14
    '/'  shift, and go to state 15

    $default  reduce using rule 4 (expr)


state 18

    5 expr: expr '-' term .
    7 term: term . '*' factor
    8     | term . '/' factor

    '*'  shift, and go to state 14
    '/'  shift, and go to state 15

    $default  reduce using rule 5 (expr)


state 19

    7 term: term '*' factor .

    $default  reduce using rule 7 (term)


state 20

    8 term: term '/' factor .

    $default  reduce using rule 8 (term)
