flex version 2.5.35 usage statistics:
  scanner options: -svI8 -Cem -oyylex.cpp
  130/2000 NFA states
  35/1000 DFA states (188 words)
  22 rules
  Compressed tables always back-up
  1/40 start conditions
  91 epsilon states, 45 double epsilon states
  18/100 character classes needed 197/500 words of storage, 0 reused
  116 state/nextstate pairs created
  69/47 unique/duplicate transitions
  37/1000 base-def entries created
  75/2000 (peak 70) nxt-chk entries created
  4/2500 (peak 46) template nxt-chk entries created
  0 empty table entries
  2 protos created
  2 templates created, 2 uses
  23/256 equivalence classes created
  2/256 meta-equivalence classes created
  0 (0 saved) hash collisions, 37 DFAs equal
  0 sets of reallocations needed
  503 total table entries needed
