flex version 2.5.35 usage statistics:
  scanner options: -dsvI8 -Cem -oyylex.cpp
  312/2000 NFA states
  124/1000 DFA states (720 words)
  44 rules
  Compressed tables always back-up
  1/40 start conditions
  180 epsilon states, 84 double epsilon states
  26/100 character classes needed 243/500 words of storage, 0 reused
  2702 state/nextstate pairs created
  350/2352 unique/duplicate transitions
  132/1000 base-def entries created
  251/2000 (peak 487) nxt-chk entries created
  24/2500 (peak 376) template nxt-chk entries created
  0 empty table entries
  8 protos created
  8 templates created, 89 uses
  47/256 equivalence classes created
  3/256 meta-equivalence classes created
  0 (32 saved) hash collisions, 229 DFAs equal
  0 sets of reallocations needed
  1069 total table entries needed
