astree.o:
     $Id: auxlib.h,v 1.10 2013-08-22 13:58:43-07 - - $
     $Id: astree.h,v 1.8 2013-08-22 13:58:43-07 - - $
     $Id: astree.rep.h,v 1.5 2013-08-22 13:58:43-07 - - $
     $Id: lyutils.h,v 1.10 2013-08-22 13:58:43-07 - - $
     $Id: astree.c,v 1.12 2013-08-22 13:58:43-07 - - $
     $Compiled: astree.c Sep 11 2013 20:17:49 $

emit.o:
     $Id: auxlib.h,v 1.10 2013-08-22 13:58:43-07 - - $
     $Id: astree.h,v 1.8 2013-08-22 13:58:43-07 - - $
     $Id: astree.rep.h,v 1.5 2013-08-22 13:58:43-07 - - $
     $Id: emit.h,v 1.3 2013-08-22 13:58:43-07 - - $
     $Id: lyutils.h,v 1.10 2013-08-22 13:58:43-07 - - $
     $Id: emit.c,v 1.6 2013-08-22 13:58:43-07 - - $
     $Compiled: emit.c Sep 11 2013 20:17:49 $

lyutils.o:
     $Id: auxlib.h,v 1.10 2013-08-22 13:58:43-07 - - $
     $Id: astree.h,v 1.8 2013-08-22 13:58:43-07 - - $
     $Id: astree.rep.h,v 1.5 2013-08-22 13:58:43-07 - - $
     $Id: lyutils.h,v 1.10 2013-08-22 13:58:43-07 - - $
     $Id: lyutils.c,v 1.12 2013-08-22 13:58:43-07 - - $
     $Compiled: lyutils.c Sep 11 2013 20:17:49 $

main.o:
     $Id: auxlib.h,v 1.10 2013-08-22 13:58:43-07 - - $
     $Id: astree.h,v 1.8 2013-08-22 13:58:43-07 - - $
     $Id: emit.h,v 1.3 2013-08-22 13:58:43-07 - - $
     $Id: lyutils.h,v 1.10 2013-08-22 13:58:43-07 - - $
     $Id: main.c,v 1.17 2013-08-22 13:58:43-07 - - $
     $Compiled: main.c Sep 11 2013 20:17:49 $

auxlib.o:
     $Id: auxlib.h,v 1.10 2013-08-22 13:58:43-07 - - $
     $Id: auxlib.c,v 1.16 2013-08-22 13:59:59-07 - - $
     $Compiled: auxlib.c Sep 11 2013 20:17:49 $

yylex.o:
     $Id: auxlib.h,v 1.10 2013-08-22 13:58:43-07 - - $
     $Id: astree.h,v 1.8 2013-08-22 13:58:43-07 - - $
     $Id: lyutils.h,v 1.10 2013-08-22 13:58:43-07 - - $
     $Id: yylex.c,v 1.10 2013-09-11 20:17:45-07 - - $
     $Compiled: scanner.l Sep 11 2013 20:17:49 $

yyparse.o:
     $Id: auxlib.h,v 1.10 2013-08-22 13:58:43-07 - - $
     $Id: astree.h,v 1.8 2013-08-22 13:58:43-07 - - $
     $Id: lyutils.h,v 1.10 2013-08-22 13:58:43-07 - - $
     $Id: astree.rep.h,v 1.5 2013-08-22 13:58:43-07 - - $
     $Id: yyparse.c,v 1.5 2013-08-22 14:00:02-07 - - $
     $Compiled: parser.y Sep 11 2013 20:17:49 $

zexprsm:
     $Id: auxlib.h,v 1.10 2013-08-22 13:58:43-07 - - $
     $Id: astree.h,v 1.8 2013-08-22 13:58:43-07 - - $
     $Id: astree.rep.h,v 1.5 2013-08-22 13:58:43-07 - - $
     $Id: lyutils.h,v 1.10 2013-08-22 13:58:43-07 - - $
     $Id: astree.c,v 1.12 2013-08-22 13:58:43-07 - - $
     $Compiled: astree.c Sep 11 2013 20:17:49 $
     $Id: auxlib.h,v 1.10 2013-08-22 13:58:43-07 - - $
     $Id: astree.h,v 1.8 2013-08-22 13:58:43-07 - - $
     $Id: astree.rep.h,v 1.5 2013-08-22 13:58:43-07 - - $
     $Id: emit.h,v 1.3 2013-08-22 13:58:43-07 - - $
     $Id: lyutils.h,v 1.10 2013-08-22 13:58:43-07 - - $
     $Id: emit.c,v 1.6 2013-08-22 13:58:43-07 - - $
     $Compiled: emit.c Sep 11 2013 20:17:49 $
     $Id: auxlib.h,v 1.10 2013-08-22 13:58:43-07 - - $
     $Id: astree.h,v 1.8 2013-08-22 13:58:43-07 - - $
     $Id: astree.rep.h,v 1.5 2013-08-22 13:58:43-07 - - $
     $Id: lyutils.h,v 1.10 2013-08-22 13:58:43-07 - - $
     $Id: lyutils.c,v 1.12 2013-08-22 13:58:43-07 - - $
     $Compiled: lyutils.c Sep 11 2013 20:17:49 $
     $Id: auxlib.h,v 1.10 2013-08-22 13:58:43-07 - - $
     $Id: astree.h,v 1.8 2013-08-22 13:58:43-07 - - $
     $Id: emit.h,v 1.3 2013-08-22 13:58:43-07 - - $
     $Id: lyutils.h,v 1.10 2013-08-22 13:58:43-07 - - $
     $Id: main.c,v 1.17 2013-08-22 13:58:43-07 - - $
     $Compiled: main.c Sep 11 2013 20:17:49 $
     $Id: auxlib.h,v 1.10 2013-08-22 13:58:43-07 - - $
     $Id: auxlib.c,v 1.16 2013-08-22 13:59:59-07 - - $
     $Compiled: auxlib.c Sep 11 2013 20:17:49 $
     $Id: auxlib.h,v 1.10 2013-08-22 13:58:43-07 - - $
     $Id: astree.h,v 1.8 2013-08-22 13:58:43-07 - - $
     $Id: lyutils.h,v 1.10 2013-08-22 13:58:43-07 - - $
     $Id: yylex.c,v 1.10 2013-09-11 20:17:45-07 - - $
     $Compiled: scanner.l Sep 11 2013 20:17:49 $
     $Id: auxlib.h,v 1.10 2013-08-22 13:58:43-07 - - $
     $Id: astree.h,v 1.8 2013-08-22 13:58:43-07 - - $
     $Id: lyutils.h,v 1.10 2013-08-22 13:58:43-07 - - $
     $Id: astree.rep.h,v 1.5 2013-08-22 13:58:43-07 - - $
     $Id: yyparse.c,v 1.5 2013-08-22 14:00:02-07 - - $
     $Compiled: parser.y Sep 11 2013 20:17:49 $
